<?xml version="1.0" encoding="UTF-8"?>
<testsuite name="org.apache.ofbiz.base.start.OfbizStartupUnitTests" tests="7" skipped="0" failures="0" errors="0" timestamp="2019-05-17T16:08:56" hostname="DESKTOP-FB97H2A" time="0.085">
  <properties/>
  <testcase name="commandParserDoesNotAcceptPortoffsetWithoutArgument" classname="org.apache.ofbiz.base.start.OfbizStartupUnitTests" time="0.031"/>
  <testcase name="commandParserDoesNotAcceptPortoffsetWithoutPositiveInteger" classname="org.apache.ofbiz.base.start.OfbizStartupUnitTests" time="0.002"/>
  <testcase name="commandParserDoesNotAcceptArgumentForShutdown" classname="org.apache.ofbiz.base.start.OfbizStartupUnitTests" time="0.007"/>
  <testcase name="commandParserDoesNotAcceptArgumentForStatus" classname="org.apache.ofbiz.base.start.OfbizStartupUnitTests" time="0.002"/>
  <testcase name="commandParserDoesNotAcceptMoreThanOneCommand" classname="org.apache.ofbiz.base.start.OfbizStartupUnitTests" time="0.001"/>
  <testcase name="commandParserCombinesMultipleArgsIntoOneCommand" classname="org.apache.ofbiz.base.start.OfbizStartupUnitTests" time="0.032"/>
  <testcase name="commandParserDoesNotAcceptArgumentForStart" classname="org.apache.ofbiz.base.start.OfbizStartupUnitTests" time="0.0"/>
  <system-out><![CDATA[]]></system-out>
  <system-err><![CDATA[]]></system-err>
</testsuite>
