<?xml version="1.0" encoding="UTF-8"?>
<testsuite name="org.apache.ofbiz.entity.util.EntitySaxReaderTests" tests="3" skipped="0" failures="0" errors="0" timestamp="2019-05-04T11:22:07" hostname="DESKTOP-FB97H2A" time="0.677">
  <properties/>
  <testcase name="parse" classname="org.apache.ofbiz.entity.util.EntitySaxReaderTests" time="0.673"/>
  <testcase name="constructorWithTimeout" classname="org.apache.ofbiz.entity.util.EntitySaxReaderTests" time="0.003"/>
  <testcase name="constructorWithDefaultTimeout" classname="org.apache.ofbiz.entity.util.EntitySaxReaderTests" time="0.001"/>
  <system-out><![CDATA[]]></system-out>
  <system-err><![CDATA[]]></system-err>
</testsuite>
