<?xml version="1.0" encoding="UTF-8"?>
<testsuite name="org.apache.ofbiz.entity.util.EntitySaxReaderTests" tests="3" skipped="0" failures="0" errors="0" timestamp="2019-04-24T17:10:45" hostname="DESKTOP-FB97H2A" time="0.397">
  <properties/>
  <testcase name="parse" classname="org.apache.ofbiz.entity.util.EntitySaxReaderTests" time="0.397"/>
  <testcase name="constructorWithTimeout" classname="org.apache.ofbiz.entity.util.EntitySaxReaderTests" time="0.0"/>
  <testcase name="constructorWithDefaultTimeout" classname="org.apache.ofbiz.entity.util.EntitySaxReaderTests" time="0.0"/>
  <system-out><![CDATA[]]></system-out>
  <system-err><![CDATA[]]></system-err>
</testsuite>
