<?xml version="1.0" encoding="UTF-8"?>
<testsuite name="org.apache.ofbiz.entity.DelegatorUnitTests" tests="5" skipped="0" failures="0" errors="0" timestamp="2019-06-10T10:49:12" hostname="DESKTOP-FB97H2A" time="4.282">
  <properties/>
  <testcase name="delegatorCreationUsingFactoryReturnsNullIfConfigurationIsMissing" classname="org.apache.ofbiz.entity.DelegatorUnitTests" time="2.112"/>
  <testcase name="delegatorCreationUsingConstructorFailsIfConfigurationIsMissing" classname="org.apache.ofbiz.entity.DelegatorUnitTests" time="0.002"/>
  <testcase name="delegatorCreationUsingConstructor" classname="org.apache.ofbiz.entity.DelegatorUnitTests" time="1.645"/>
  <testcase name="delegatorCreationUsingFactoryGetInstance" classname="org.apache.ofbiz.entity.DelegatorUnitTests" time="0.348"/>
  <testcase name="delegatorCreationUsingFactoryGetDelegator" classname="org.apache.ofbiz.entity.DelegatorUnitTests" time="0.173"/>
  <system-out><![CDATA[]]></system-out>
  <system-err><![CDATA[]]></system-err>
</testsuite>
