<?xml version="1.0" encoding="UTF-8"?>
<testsuite name="org.apache.ofbiz.base.start.OfbizStartupUnitTests" tests="7" skipped="0" failures="0" errors="0" timestamp="2019-06-10T10:49:10" hostname="DESKTOP-FB97H2A" time="0.05">
  <properties/>
  <testcase name="commandParserDoesNotAcceptPortoffsetWithoutPositiveInteger" classname="org.apache.ofbiz.base.start.OfbizStartupUnitTests" time="0.019"/>
  <testcase name="commandParserDoesNotAcceptPortoffsetWithoutArgument" classname="org.apache.ofbiz.base.start.OfbizStartupUnitTests" time="0.001"/>
  <testcase name="commandParserDoesNotAcceptArgumentForStart" classname="org.apache.ofbiz.base.start.OfbizStartupUnitTests" time="0.001"/>
  <testcase name="commandParserCombinesMultipleArgsIntoOneCommand" classname="org.apache.ofbiz.base.start.OfbizStartupUnitTests" time="0.025"/>
  <testcase name="commandParserDoesNotAcceptArgumentForShutdown" classname="org.apache.ofbiz.base.start.OfbizStartupUnitTests" time="0.0"/>
  <testcase name="commandParserDoesNotAcceptMoreThanOneCommand" classname="org.apache.ofbiz.base.start.OfbizStartupUnitTests" time="0.001"/>
  <testcase name="commandParserDoesNotAcceptArgumentForStatus" classname="org.apache.ofbiz.base.start.OfbizStartupUnitTests" time="0.001"/>
  <system-out><![CDATA[]]></system-out>
  <system-err><![CDATA[]]></system-err>
</testsuite>
