<?xml version="1.0" encoding="UTF-8"?>
<testsuite name="org.apache.ofbiz.webapp.control.ControlFilterTests" tests="2" skipped="0" failures="0" errors="0" timestamp="2019-05-04T11:22:07" hostname="DESKTOP-FB97H2A" time="0.025">
  <properties/>
  <testcase name="initSetsProperErrorCode" classname="org.apache.ofbiz.webapp.control.ControlFilterTests" time="0.019"/>
  <testcase name="initRetrievesAllInitParameters" classname="org.apache.ofbiz.webapp.control.ControlFilterTests" time="0.006"/>
  <system-out><![CDATA[]]></system-out>
  <system-err><![CDATA[]]></system-err>
</testsuite>
